<?xml version="1.0" encoding="UTF-8"?>
<!-- Generated by org.testng.reporters.JUnitXMLReporter -->
<testsuite ignored="0" hostname="huys-mbp-2.lan" failures="1" tests="1" name="Authentication" time="0.242" errors="0" timestamp="2022-02-27T22:16:47 PST">
  <testcase classname="test.BaseTest.BaseTest" name="@AfterMethod afterMethod" time="0.002">
    <failure type="java.lang.IllegalArgumentException" message="[ERR] Please supply &amp;apos;browser&amp;apos; type value!">
      <![CDATA[java.lang.IllegalArgumentException: [ERR] Please supply 'browser' type value!
at driver.DriverFactory.createWebDriver(DriverFactory.java:30)
at driver.DriverFactory.getDriver(DriverFactory.java:20)
at test.BaseTest.BaseTest.afterMethod(BaseTest.java:63)
at java.base/java.util.concurrent.ThreadPoolExecutor.runWorker(ThreadPoolExecutor.java:1128)
at java.base/java.util.concurrent.ThreadPoolExecutor$Worker.run(ThreadPoolExecutor.java:628)
at java.base/java.lang.Thread.run(Thread.java:834)
... Removed 17 stack frames]]>
    </failure>
  </testcase> <!-- @AfterMethod afterMethod -->
  <testcase classname="test.global.HomepageTest" name="testFooterComponent" time="0.063">
    <failure type="java.lang.IllegalArgumentException" message="[ERR] Please supply &amp;apos;browser&amp;apos; type value!">
      <![CDATA[java.lang.IllegalArgumentException: [ERR] Please supply 'browser' type value!
at driver.DriverFactory.createWebDriver(DriverFactory.java:30)
at driver.DriverFactory.getDriver(DriverFactory.java:20)
at test.BaseTest.BaseTest.getDriver(BaseTest.java:43)
at test.global.HomepageTest.testFooterComponent(HomepageTest.java:14)
at java.base/java.util.concurrent.ThreadPoolExecutor.runWorker(ThreadPoolExecutor.java:1128)
at java.base/java.util.concurrent.ThreadPoolExecutor$Worker.run(ThreadPoolExecutor.java:628)
at java.base/java.lang.Thread.run(Thread.java:834)
... Removed 12 stack frames]]>
    </failure>
  </testcase> <!-- testFooterComponent -->
</testsuite> <!-- Authentication -->
