<?xml version="1.0" encoding="UTF-8"?>
<testng-results ignored="0" total="1" passed="0" failed="1" skipped="0">
  <reporter-output>
  </reporter-output>
  <suite started-at="2022-02-27T22:16:47 PST" name="Regression" finished-at="2022-02-27T22:16:47 PST" duration-ms="242">
    <groups>
    </groups>
    <test started-at="2022-02-27T22:16:47 PST" name="Authentication" finished-at="2022-02-27T22:16:47 PST" duration-ms="242">
      <class name="test.global.HomepageTest">
        <test-method is-config="true" signature="beforeSuite()[pri:0, instance:test.global.HomepageTest@7435a578]" started-at="2022-02-27T22:16:47 PST" name="beforeSuite" finished-at="2022-02-27T22:16:47 PST" duration-ms="23" status="PASS">
          <reporter-output>
          </reporter-output>
        </test-method> <!-- beforeSuite -->
        <test-method signature="testFooterComponent()[pri:0, instance:test.global.HomepageTest@7435a578]" started-at="2022-02-27T22:16:47 PST" name="testFooterComponent" finished-at="2022-02-27T22:16:47 PST" duration-ms="63" status="FAIL">
          <exception class="java.lang.IllegalArgumentException">
            <message>
              <![CDATA[[ERR] Please supply 'browser' type value!]]>
            </message>
            <full-stacktrace>
              <![CDATA[java.lang.IllegalArgumentException: [ERR] Please supply 'browser' type value!
at driver.DriverFactory.createWebDriver(DriverFactory.java:30)
at driver.DriverFactory.getDriver(DriverFactory.java:20)
at test.BaseTest.BaseTest.getDriver(BaseTest.java:43)
at test.global.HomepageTest.testFooterComponent(HomepageTest.java:14)
at java.base/jdk.internal.reflect.NativeMethodAccessorImpl.invoke0(Native Method)
at java.base/jdk.internal.reflect.NativeMethodAccessorImpl.invoke(NativeMethodAccessorImpl.java:62)
at java.base/jdk.internal.reflect.DelegatingMethodAccessorImpl.invoke(DelegatingMethodAccessorImpl.java:43)
at java.base/java.lang.reflect.Method.invoke(Method.java:566)
at org.testng.internal.MethodInvocationHelper.invokeMethod(MethodInvocationHelper.java:133)
at org.testng.internal.TestInvoker.invokeMethod(TestInvoker.java:598)
at org.testng.internal.TestInvoker.invokeTestMethod(TestInvoker.java:173)
at org.testng.internal.MethodRunner.runInSequence(MethodRunner.java:46)
at org.testng.internal.TestInvoker$MethodInvocationAgent.invoke(TestInvoker.java:824)
at org.testng.internal.TestInvoker.invokeTestMethods(TestInvoker.java:146)
at org.testng.internal.TestMethodWorker.invokeTestMethods(TestMethodWorker.java:146)
at org.testng.internal.TestMethodWorker.run(TestMethodWorker.java:128)
at java.base/java.util.concurrent.ThreadPoolExecutor.runWorker(ThreadPoolExecutor.java:1128)
at java.base/java.util.concurrent.ThreadPoolExecutor$Worker.run(ThreadPoolExecutor.java:628)
at java.base/java.lang.Thread.run(Thread.java:834)
]]>
            </full-stacktrace>
          </exception> <!-- java.lang.IllegalArgumentException -->
          <reporter-output>
          </reporter-output>
        </test-method> <!-- testFooterComponent -->
        <test-method is-config="true" signature="afterMethod(org.testng.ITestResult)[pri:0, instance:test.global.HomepageTest@7435a578]" started-at="2022-02-27T22:16:47 PST" name="afterMethod" finished-at="2022-02-27T22:16:47 PST" duration-ms="2" status="FAIL">
          <params>
            <param index="0">
              <value>
                <![CDATA[[TestResult name=testFooterComponent status=FAILURE method=HomepageTest.testFooterComponent()[pri:0, instance:test.global.HomepageTest@7435a578] output={null}]]]>
              </value>
            </param>
          </params>
          <exception class="java.lang.IllegalArgumentException">
            <message>
              <![CDATA[[ERR] Please supply 'browser' type value!]]>
            </message>
            <full-stacktrace>
              <![CDATA[java.lang.IllegalArgumentException: [ERR] Please supply 'browser' type value!
at driver.DriverFactory.createWebDriver(DriverFactory.java:30)
at driver.DriverFactory.getDriver(DriverFactory.java:20)
at test.BaseTest.BaseTest.afterMethod(BaseTest.java:63)
at java.base/jdk.internal.reflect.NativeMethodAccessorImpl.invoke0(Native Method)
at java.base/jdk.internal.reflect.NativeMethodAccessorImpl.invoke(NativeMethodAccessorImpl.java:62)
at java.base/jdk.internal.reflect.DelegatingMethodAccessorImpl.invoke(DelegatingMethodAccessorImpl.java:43)
at java.base/java.lang.reflect.Method.invoke(Method.java:566)
at org.testng.internal.MethodInvocationHelper.invokeMethod(MethodInvocationHelper.java:133)
at org.testng.internal.MethodInvocationHelper.invokeMethodConsideringTimeout(MethodInvocationHelper.java:62)
at org.testng.internal.ConfigInvoker.invokeConfigurationMethod(ConfigInvoker.java:385)
at org.testng.internal.ConfigInvoker.invokeConfigurations(ConfigInvoker.java:321)
at org.testng.internal.TestInvoker.runConfigMethods(TestInvoker.java:700)
at org.testng.internal.TestInvoker.runAfterGroupsConfigurations(TestInvoker.java:676)
at org.testng.internal.TestInvoker.invokeMethod(TestInvoker.java:660)
at org.testng.internal.TestInvoker.invokeTestMethod(TestInvoker.java:173)
at org.testng.internal.MethodRunner.runInSequence(MethodRunner.java:46)
at org.testng.internal.TestInvoker$MethodInvocationAgent.invoke(TestInvoker.java:824)
at org.testng.internal.TestInvoker.invokeTestMethods(TestInvoker.java:146)
at org.testng.internal.TestMethodWorker.invokeTestMethods(TestMethodWorker.java:146)
at org.testng.internal.TestMethodWorker.run(TestMethodWorker.java:128)
at java.base/java.util.concurrent.ThreadPoolExecutor.runWorker(ThreadPoolExecutor.java:1128)
at java.base/java.util.concurrent.ThreadPoolExecutor$Worker.run(ThreadPoolExecutor.java:628)
at java.base/java.lang.Thread.run(Thread.java:834)
]]>
            </full-stacktrace>
          </exception> <!-- java.lang.IllegalArgumentException -->
          <reporter-output>
          </reporter-output>
        </test-method> <!-- afterMethod -->
        <test-method is-config="true" signature="afterSuite()[pri:0, instance:test.global.HomepageTest@7435a578]" started-at="2022-02-27T22:16:47 PST" name="afterSuite" finished-at="2022-02-27T22:16:47 PST" duration-ms="0" status="PASS">
          <reporter-output>
          </reporter-output>
        </test-method> <!-- afterSuite -->
      </class> <!-- test.global.HomepageTest -->
    </test> <!-- Authentication -->
  </suite> <!-- Regression -->
</testng-results>
