{
  "uid" : "96f2b8e9e7979863",
  "name" : "testFooterComponent",
  "fullName" : "test.global.HomepageTest.testFooterComponent",
  "historyId" : "6bebdceeb89fd6eb4819523ba2297870",
  "time" : {
    "start" : 1646029007539,
    "stop" : 1646029007550,
    "duration" : 11
  },
  "status" : "broken",
  "statusMessage" : "[ERR] Please supply 'browser' type value!",
  "statusTrace" : "java.lang.IllegalArgumentException: [ERR] Please supply 'browser' type value!\n\tat driver.DriverFactory.createWebDriver(DriverFactory.java:30)\n\tat driver.DriverFactory.getDriver(DriverFactory.java:20)\n\tat test.BaseTest.BaseTest.getDriver(BaseTest.java:43)\n\tat test.global.HomepageTest.testFooterComponent(HomepageTest.java:14)\n\tat java.base/jdk.internal.reflect.NativeMethodAccessorImpl.invoke0(Native Method)\n\tat java.base/jdk.internal.reflect.NativeMethodAccessorImpl.invoke(NativeMethodAccessorImpl.java:62)\n\tat java.base/jdk.internal.reflect.DelegatingMethodAccessorImpl.invoke(DelegatingMethodAccessorImpl.java:43)\n\tat java.base/java.lang.reflect.Method.invoke(Method.java:566)\n\tat org.testng.internal.MethodInvocationHelper.invokeMethod(MethodInvocationHelper.java:133)\n\tat org.testng.internal.TestInvoker.invokeMethod(TestInvoker.java:598)\n\tat org.testng.internal.TestInvoker.invokeTestMethod(TestInvoker.java:173)\n\tat org.testng.internal.MethodRunner.runInSequence(MethodRunner.java:46)\n\tat org.testng.internal.TestInvoker$MethodInvocationAgent.invoke(TestInvoker.java:824)\n\tat org.testng.internal.TestInvoker.invokeTestMethods(TestInvoker.java:146)\n\tat org.testng.internal.TestMethodWorker.invokeTestMethods(TestMethodWorker.java:146)\n\tat org.testng.internal.TestMethodWorker.run(TestMethodWorker.java:128)\n\tat java.base/java.util.concurrent.ThreadPoolExecutor.runWorker(ThreadPoolExecutor.java:1128)\n\tat java.base/java.util.concurrent.ThreadPoolExecutor$Worker.run(ThreadPoolExecutor.java:628)\n\tat java.base/java.lang.Thread.run(Thread.java:834)\n",
  "flaky" : false,
  "newFailed" : false,
  "beforeStages" : [ {
    "name" : "beforeSuite",
    "time" : {
      "start" : 1646029007429,
      "stop" : 1646029007435,
      "duration" : 6
    },
    "description" : "",
    "status" : "passed",
    "steps" : [ ],
    "attachments" : [ ],
    "parameters" : [ ],
    "stepsCount" : 0,
    "attachmentsCount" : 0,
    "shouldDisplayMessage" : false,
    "hasContent" : false
  } ],
  "afterStages" : [ {
    "name" : "afterMethod",
    "time" : {
      "start" : 1646029007664,
      "stop" : 1646029007665,
      "duration" : 1
    },
    "description" : "",
    "status" : "broken",
    "statusMessage" : "[ERR] Please supply 'browser' type value!",
    "statusTrace" : "java.lang.IllegalArgumentException: [ERR] Please supply 'browser' type value!\n\tat driver.DriverFactory.createWebDriver(DriverFactory.java:30)\n\tat driver.DriverFactory.getDriver(DriverFactory.java:20)\n\tat test.BaseTest.BaseTest.afterMethod(BaseTest.java:63)\n\tat java.base/jdk.internal.reflect.NativeMethodAccessorImpl.invoke0(Native Method)\n\tat java.base/jdk.internal.reflect.NativeMethodAccessorImpl.invoke(NativeMethodAccessorImpl.java:62)\n\tat java.base/jdk.internal.reflect.DelegatingMethodAccessorImpl.invoke(DelegatingMethodAccessorImpl.java:43)\n\tat java.base/java.lang.reflect.Method.invoke(Method.java:566)\n\tat org.testng.internal.MethodInvocationHelper.invokeMethod(MethodInvocationHelper.java:133)\n\tat org.testng.internal.MethodInvocationHelper.invokeMethodConsideringTimeout(MethodInvocationHelper.java:62)\n\tat org.testng.internal.ConfigInvoker.invokeConfigurationMethod(ConfigInvoker.java:385)\n\tat org.testng.internal.ConfigInvoker.invokeConfigurations(ConfigInvoker.java:321)\n\tat org.testng.internal.TestInvoker.runConfigMethods(TestInvoker.java:700)\n\tat org.testng.internal.TestInvoker.runAfterGroupsConfigurations(TestInvoker.java:676)\n\tat org.testng.internal.TestInvoker.invokeMethod(TestInvoker.java:660)\n\tat org.testng.internal.TestInvoker.invokeTestMethod(TestInvoker.java:173)\n\tat org.testng.internal.MethodRunner.runInSequence(MethodRunner.java:46)\n\tat org.testng.internal.TestInvoker$MethodInvocationAgent.invoke(TestInvoker.java:824)\n\tat org.testng.internal.TestInvoker.invokeTestMethods(TestInvoker.java:146)\n\tat org.testng.internal.TestMethodWorker.invokeTestMethods(TestMethodWorker.java:146)\n\tat org.testng.internal.TestMethodWorker.run(TestMethodWorker.java:128)\n\tat java.base/java.util.concurrent.ThreadPoolExecutor.runWorker(ThreadPoolExecutor.java:1128)\n\tat java.base/java.util.concurrent.ThreadPoolExecutor$Worker.run(ThreadPoolExecutor.java:628)\n\tat java.base/java.lang.Thread.run(Thread.java:834)\n",
    "steps" : [ ],
    "attachments" : [ ],
    "parameters" : [ ],
    "stepsCount" : 0,
    "attachmentsCount" : 0,
    "shouldDisplayMessage" : true,
    "hasContent" : true
  }, {
    "name" : "afterSuite",
    "time" : {
      "start" : 1646029007704,
      "stop" : 1646029007704,
      "duration" : 0
    },
    "description" : "",
    "status" : "passed",
    "steps" : [ ],
    "attachments" : [ ],
    "parameters" : [ ],
    "stepsCount" : 0,
    "attachmentsCount" : 0,
    "shouldDisplayMessage" : false,
    "hasContent" : false
  } ],
  "labels" : [ {
    "name" : "package",
    "value" : "test.global.HomepageTest"
  }, {
    "name" : "testClass",
    "value" : "test.global.HomepageTest"
  }, {
    "name" : "testMethod",
    "value" : "testFooterComponent"
  }, {
    "name" : "parentSuite",
    "value" : "Regression"
  }, {
    "name" : "suite",
    "value" : "Authentication"
  }, {
    "name" : "subSuite",
    "value" : "test.global.HomepageTest"
  }, {
    "name" : "host",
    "value" : "huys-mbp-2.lan"
  }, {
    "name" : "thread",
    "value" : "73051@huys-mbp-2.lan.TestNG-test=Authentication-1(15)"
  }, {
    "name" : "framework",
    "value" : "testng"
  }, {
    "name" : "language",
    "value" : "java"
  }, {
    "name" : "resultFormat",
    "value" : "allure2"
  } ],
  "parameters" : [ ],
  "links" : [ ],
  "hidden" : true,
  "retry" : true,
  "extra" : {
    "categories" : [ ],
    "tags" : [ ]
  },
  "source" : "96f2b8e9e7979863.json",
  "parameterValues" : [ ]
}